2022-08-15 17:09:49.525 [main] ERROR com.example.dockertest.DockertestApplication - We've just greeted the user!
2022-08-15 17:09:49.525 [main] FATAL com.example.dockertest.DockertestApplication - We've just greeted the user!
2022-08-15 17:10:32.248 [main] ERROR com.example.dockertest.DockertestApplication - We've just greeted the user!
2022-08-15 17:10:32.254 [main] FATAL com.example.dockertest.DockertestApplication - We've just greeted the user!
2022-08-15 17:10:58.599 [main] INFO  com.example.dockertest.DockertestApplication - Starting DockertestApplication using Java 1.8.0_301 on DESKTOP-0FC4S4I with PID 104092 (D:\Project\Springboot\dockertest\target\classes started by Teng Wai Jian in D:\Project\Springboot\dockertest)
2022-08-15 17:10:58.614 [main] INFO  com.example.dockertest.DockertestApplication - No active profile set, falling back to 1 default profile: "default"
2022-08-15 17:10:59.287 [main] INFO  org.springframework.data.repository.config.RepositoryConfigurationDelegate - Bootstrapping Spring Data JPA repositories in DEFAULT mode.
2022-08-15 17:10:59.334 [main] INFO  org.springframework.data.repository.config.RepositoryConfigurationDelegate - Finished Spring Data repository scanning in 37 ms. Found 1 JPA repository interfaces.
2022-08-15 17:11:00.349 [main] INFO  org.springframework.boot.web.embedded.tomcat.TomcatWebServer - Tomcat initialized with port(s): 8880 (http)
2022-08-15 17:11:00.584 [main] INFO  org.springframework.boot.web.servlet.context.ServletWebServerApplicationContext - Root WebApplicationContext: initialization completed in 1876 ms
2022-08-15 17:11:00.615 [main] INFO  org.springframework.boot.web.servlet.RegistrationBean - Filter requestResponseLoggingFilter was not registered (possibly already registered?)
2022-08-15 17:11:00.802 [main] INFO  org.flywaydb.core.internal.license.VersionPrinter - Flyway Community Edition 8.5.13 by Redgate
2022-08-15 17:11:00.802 [main] INFO  org.flywaydb.core.internal.license.VersionPrinter - See what's new here: https://flywaydb.org/documentation/learnmore/releaseNotes#8.5.13
2022-08-15 17:11:00.802 [main] INFO  org.flywaydb.core.internal.license.VersionPrinter - 
2022-08-15 17:11:00.912 [main] INFO  org.flywaydb.core.internal.database.base.BaseDatabaseType - Database: jdbc:postgresql://172.19.3.2:5432/localdb (PostgreSQL 14.4)
2022-08-15 17:11:00.943 [main] INFO  org.flywaydb.core.internal.command.DbValidate - Successfully validated 2 migrations (execution time 00:00.019s)
2022-08-15 17:11:00.959 [main] INFO  org.flywaydb.core.internal.command.DbMigrate - Current version of schema "dockertest": 1
2022-08-15 17:11:00.959 [main] INFO  org.flywaydb.core.internal.command.DbMigrate - Schema "dockertest" is up to date. No migration necessary.
2022-08-15 17:11:01.037 [main] INFO  org.hibernate.jpa.internal.util.LogHelper - HHH000204: Processing PersistenceUnitInfo [name: default]
2022-08-15 17:11:01.084 [main] INFO  org.hibernate.Version - HHH000412: Hibernate ORM core version 5.6.10.Final
2022-08-15 17:11:01.224 [main] INFO  org.hibernate.annotations.common.Version - HCANN000001: Hibernate Commons Annotations {5.1.2.Final}
2022-08-15 17:11:01.334 [main] INFO  org.hibernate.dialect.Dialect - HHH000400: Using dialect: org.hibernate.dialect.PostgreSQLDialect
2022-08-15 17:11:01.834 [main] INFO  org.hibernate.engine.transaction.jta.platform.internal.JtaPlatformInitiator - HHH000490: Using JtaPlatform implementation: [org.hibernate.engine.transaction.jta.platform.internal.NoJtaPlatform]
2022-08-15 17:11:01.834 [main] INFO  org.springframework.orm.jpa.LocalContainerEntityManagerFactoryBean - Initialized JPA EntityManagerFactory for persistence unit 'default'
2022-08-15 17:11:02.256 [main] WARN  org.springframework.boot.autoconfigure.orm.jpa.JpaBaseConfiguration$JpaWebConfiguration - spring.jpa.open-in-view is enabled by default. Therefore, database queries may be performed during view rendering. Explicitly configure spring.jpa.open-in-view to disable this warning
2022-08-15 17:11:02.709 [main] INFO  org.springframework.boot.web.embedded.tomcat.TomcatWebServer - Tomcat started on port(s): 8880 (http) with context path ''
2022-08-15 17:11:02.724 [main] INFO  com.example.dockertest.DockertestApplication - Started DockertestApplication in 4.467 seconds (JVM running for 5.224)
2022-08-15 17:11:02.724 [main] INFO  com.example.dockertest.DockertestApplication - We've just greeted the user!
2022-08-15 17:11:02.724 [main] WARN  com.example.dockertest.DockertestApplication - We've just greeted the user!
2022-08-15 17:11:02.724 [main] ERROR com.example.dockertest.DockertestApplication - We've just greeted the user!
2022-08-15 17:11:02.724 [main] FATAL com.example.dockertest.DockertestApplication - We've just greeted the user!
2022-08-15 17:11:05.967 [http-nio-8880-exec-1] INFO  org.springframework.web.servlet.DispatcherServlet - Initializing Servlet 'dispatcherServlet'
2022-08-15 17:11:05.968 [http-nio-8880-exec-1] INFO  org.springframework.web.servlet.DispatcherServlet - Completed initialization in 1 ms
2022-08-15 17:11:06.075 [http-nio-8880-exec-1] INFO  com.example.dockertest.controller.DockertestCtrl - Add Customer Request:CustDTO(name=Dodo, icNo=991122334455, email=dock@mail.com, address=no address)
2022-08-15 17:11:06.295 [http-nio-8880-exec-1] INFO  com.example.dockertest.controller.DockertestCtrl - Add Customer Response:CustEntity(name=Dodo, icNo=991122334455, email=dock@mail.com, address=no address)
2022-08-15 17:11:11.280 [SpringApplicationShutdownHook] INFO  org.springframework.orm.jpa.LocalContainerEntityManagerFactoryBean - Closing JPA EntityManagerFactory for persistence unit 'default'
2022-08-15 17:12:25.407 [main] INFO  com.example.dockertest.DockertestApplication - Starting DockertestApplication using Java 1.8.0_301 on DESKTOP-0FC4S4I with PID 83216 (D:\Project\Springboot\dockertest\target\classes started by Teng Wai Jian in D:\Project\Springboot\dockertest)
2022-08-15 17:12:25.422 [main] INFO  com.example.dockertest.DockertestApplication - No active profile set, falling back to 1 default profile: "default"
2022-08-15 17:12:26.110 [main] INFO  org.springframework.data.repository.config.RepositoryConfigurationDelegate - Bootstrapping Spring Data JPA repositories in DEFAULT mode.
2022-08-15 17:12:26.157 [main] INFO  org.springframework.data.repository.config.RepositoryConfigurationDelegate - Finished Spring Data repository scanning in 49 ms. Found 1 JPA repository interfaces.
2022-08-15 17:12:27.064 [main] INFO  org.springframework.boot.web.embedded.tomcat.TomcatWebServer - Tomcat initialized with port(s): 8880 (http)
2022-08-15 17:12:27.298 [main] INFO  org.springframework.boot.web.servlet.context.ServletWebServerApplicationContext - Root WebApplicationContext: initialization completed in 1797 ms
2022-08-15 17:12:27.376 [main] INFO  org.springframework.boot.web.servlet.RegistrationBean - Filter requestResponseLoggingFilter was not registered (possibly already registered?)
2022-08-15 17:12:27.580 [main] INFO  org.flywaydb.core.internal.license.VersionPrinter - Flyway Community Edition 8.5.13 by Redgate
2022-08-15 17:12:27.580 [main] INFO  org.flywaydb.core.internal.license.VersionPrinter - See what's new here: https://flywaydb.org/documentation/learnmore/releaseNotes#8.5.13
2022-08-15 17:12:27.580 [main] INFO  org.flywaydb.core.internal.license.VersionPrinter - 
2022-08-15 17:12:27.690 [main] INFO  org.flywaydb.core.internal.database.base.BaseDatabaseType - Database: jdbc:postgresql://172.19.3.2:5432/localdb (PostgreSQL 14.4)
2022-08-15 17:12:27.721 [main] INFO  org.flywaydb.core.internal.command.DbValidate - Successfully validated 2 migrations (execution time 00:00.020s)
2022-08-15 17:12:27.736 [main] INFO  org.flywaydb.core.internal.command.DbMigrate - Current version of schema "dockertest": 1
2022-08-15 17:12:27.736 [main] INFO  org.flywaydb.core.internal.command.DbMigrate - Schema "dockertest" is up to date. No migration necessary.
2022-08-15 17:12:27.799 [main] INFO  org.hibernate.jpa.internal.util.LogHelper - HHH000204: Processing PersistenceUnitInfo [name: default]
2022-08-15 17:12:27.846 [main] INFO  org.hibernate.Version - HHH000412: Hibernate ORM core version 5.6.10.Final
2022-08-15 17:12:28.002 [main] INFO  org.hibernate.annotations.common.Version - HCANN000001: Hibernate Commons Annotations {5.1.2.Final}
2022-08-15 17:12:28.112 [main] INFO  org.hibernate.dialect.Dialect - HHH000400: Using dialect: org.hibernate.dialect.PostgreSQLDialect
2022-08-15 17:12:28.790 [main] INFO  org.hibernate.engine.transaction.jta.platform.internal.JtaPlatformInitiator - HHH000490: Using JtaPlatform implementation: [org.hibernate.engine.transaction.jta.platform.internal.NoJtaPlatform]
2022-08-15 17:12:28.828 [main] INFO  org.springframework.orm.jpa.LocalContainerEntityManagerFactoryBean - Initialized JPA EntityManagerFactory for persistence unit 'default'
2022-08-15 17:12:29.292 [main] WARN  org.springframework.boot.autoconfigure.orm.jpa.JpaBaseConfiguration$JpaWebConfiguration - spring.jpa.open-in-view is enabled by default. Therefore, database queries may be performed during view rendering. Explicitly configure spring.jpa.open-in-view to disable this warning
2022-08-15 17:12:29.804 [main] INFO  org.springframework.boot.web.embedded.tomcat.TomcatWebServer - Tomcat started on port(s): 8880 (http) with context path ''
2022-08-15 17:12:29.812 [main] INFO  com.example.dockertest.DockertestApplication - Started DockertestApplication in 4.692 seconds (JVM running for 5.413)
2022-08-15 17:12:29.815 [main] INFO  com.example.dockertest.DockertestApplication - We've just greeted the user!
2022-08-15 17:12:29.815 [main] WARN  com.example.dockertest.DockertestApplication - We've just greeted the user!
2022-08-15 17:12:29.815 [main] ERROR com.example.dockertest.DockertestApplication - We've just greeted the user!
2022-08-15 17:12:29.815 [main] FATAL com.example.dockertest.DockertestApplication - We've just greeted the user!
2022-08-15 17:12:30.979 [http-nio-8880-exec-2] INFO  org.springframework.web.servlet.DispatcherServlet - Initializing Servlet 'dispatcherServlet'
2022-08-15 17:12:30.980 [http-nio-8880-exec-2] INFO  org.springframework.web.servlet.DispatcherServlet - Completed initialization in 1 ms
2022-08-15 17:12:31.088 [http-nio-8880-exec-2] INFO  com.example.dockertest.controller.DockertestCtrl - Add Customer Request:CustDTO(name=Dodo, icNo=991122334455, email=dock@mail.com, address=no address)
2022-08-15 17:12:31.319 [http-nio-8880-exec-2] INFO  com.example.dockertest.controller.DockertestCtrl - Add Customer Response:CustEntity(name=Dodo, icNo=991122334455, email=dock@mail.com, address=no address)
2022-08-15 17:12:42.803 [SpringApplicationShutdownHook] INFO  org.springframework.orm.jpa.LocalContainerEntityManagerFactoryBean - Closing JPA EntityManagerFactory for persistence unit 'default'
