2022-08-16 09:18:15,702 INFO o.s.b.StartupInfoLogger [main] Starting DockertestApplication using Java 1.8.0_301 on DESKTOP-0FC4S4I with PID 112524 (D:\Project\Springboot\dockertest\target\classes started by Teng Wai Jian in D:\Project\Springboot\dockertest)
2022-08-16 09:18:15,748 DEBUG o.s.b.StartupInfoLogger [main] Running with Spring Boot v2.7.2, Spring v5.3.22
2022-08-16 09:18:15,748 INFO o.s.b.SpringApplication [main] No active profile set, falling back to 1 default profile: "default"
2022-08-16 09:18:16,483 INFO o.s.d.r.c.RepositoryConfigurationDelegate [main] Bootstrapping Spring Data JPA repositories in DEFAULT mode.
2022-08-16 09:18:16,545 INFO o.s.d.r.c.RepositoryConfigurationDelegate [main] Finished Spring Data repository scanning in 49 ms. Found 1 JPA repository interfaces.
2022-08-16 09:18:17,671 INFO o.s.b.w.e.t.TomcatWebServer [main] Tomcat initialized with port(s): 8880 (http)
2022-08-16 09:18:17,936 INFO o.s.b.w.s.c.ServletWebServerApplicationContext [main] Root WebApplicationContext: initialization completed in 2141 ms
2022-08-16 09:18:17,968 INFO o.s.b.w.s.DynamicRegistrationBean [main] Filter requestResponseLoggingFilter was not registered (possibly already registered?)
2022-08-16 09:18:18,202 INFO o.f.c.i.l.l.Log4j2Log [main] Flyway Community Edition 8.5.13 by Redgate
2022-08-16 09:18:18,202 INFO o.f.c.i.l.l.Log4j2Log [main] See what's new here: https://flywaydb.org/documentation/learnmore/releaseNotes#8.5.13
2022-08-16 09:18:18,202 INFO o.f.c.i.l.l.Log4j2Log [main] 
2022-08-16 09:18:18,343 INFO o.f.c.i.l.l.Log4j2Log [main] Database: jdbc:postgresql://172.19.3.2:5432/localdb (PostgreSQL 14.4)
2022-08-16 09:18:18,421 INFO o.f.c.i.l.l.Log4j2Log [main] Successfully validated 2 migrations (execution time 00:00.057s)
2022-08-16 09:18:18,436 INFO o.f.c.i.l.l.Log4j2Log [main] Current version of schema "dockertest": 1
2022-08-16 09:18:18,436 INFO o.f.c.i.l.l.Log4j2Log [main] Schema "dockertest" is up to date. No migration necessary.
2022-08-16 09:18:18,514 INFO o.h.j.i.u.LogHelper [main] HHH000204: Processing PersistenceUnitInfo [name: default]
2022-08-16 09:18:18,593 INFO o.h.Version [main] HHH000412: Hibernate ORM core version 5.6.10.Final
2022-08-16 09:18:18,780 INFO o.h.a.c.r.j.JavaReflectionManager [main] HCANN000001: Hibernate Commons Annotations {5.1.2.Final}
2022-08-16 09:18:18,936 INFO o.h.d.Dialect [main] HHH000400: Using dialect: org.hibernate.dialect.PostgreSQLDialect
2022-08-16 09:18:19,546 INFO o.h.e.t.j.p.i.JtaPlatformInitiator [main] HHH000490: Using JtaPlatform implementation: [org.hibernate.engine.transaction.jta.platform.internal.NoJtaPlatform]
2022-08-16 09:18:19,562 INFO o.s.o.j.AbstractEntityManagerFactoryBean [main] Initialized JPA EntityManagerFactory for persistence unit 'default'
2022-08-16 09:18:19,937 WARN o.s.b.a.o.j.JpaBaseConfiguration$JpaWebConfiguration [main] spring.jpa.open-in-view is enabled by default. Therefore, database queries may be performed during view rendering. Explicitly configure spring.jpa.open-in-view to disable this warning
2022-08-16 09:18:20,359 INFO o.s.b.w.e.t.TomcatWebServer [main] Tomcat started on port(s): 8880 (http) with context path ''
2022-08-16 09:18:20,374 INFO o.s.b.StartupInfoLogger [main] Started DockertestApplication in 5.315 seconds (JVM running for 6.121)
2022-08-16 09:18:20,374 TRACE c.e.d.DockertestApplication [main] We've just greeted the user!
2022-08-16 09:18:20,374 DEBUG c.e.d.DockertestApplication [main] We've just greeted the user!
2022-08-16 09:18:20,374 INFO c.e.d.DockertestApplication [main] We've just greeted the user!
2022-08-16 09:18:20,374 WARN c.e.d.DockertestApplication [main] We've just greeted the user!
2022-08-16 09:18:20,374 ERROR c.e.d.DockertestApplication [main] We've just greeted the user!
2022-08-16 09:18:20,374 FATAL c.e.d.DockertestApplication [main] We've just greeted the user!
